<?xml version="1.0" encoding="UTF-8"?>
<testng-results ignored="0" total="1" passed="1" failed="0" skipped="0">
  <reporter-output>
  </reporter-output>
  <suite started-at="2026-06-11T16:22:03 IST" name="Parabank suite" finished-at="2026-06-11T16:22:21 IST" duration-ms="17960">
    <groups>
    </groups>
    <test started-at="2026-06-11T16:22:03 IST" name="Test" finished-at="2026-06-11T16:22:21 IST" duration-ms="17960">
      <class name="tests.ParabankTest">
        <test-method is-config="true" signature="initializedriver()[pri:0, instance:tests.ParabankTest@6025e1b6]" started-at="2026-06-11T16:22:04 IST" name="initializedriver" finished-at="2026-06-11T16:22:10 IST" duration-ms="5375" status="PASS">
          <reporter-output>
          </reporter-output>
        </test-method> <!-- initializedriver -->
        <test-method is-config="true" signature="setUp()[pri:0, instance:tests.ParabankTest@6025e1b6]" started-at="2026-06-11T16:22:10 IST" name="setUp" finished-at="2026-06-11T16:22:14 IST" duration-ms="4267" status="PASS">
          <reporter-output>
          </reporter-output>
        </test-method> <!-- setUp -->
        <test-method signature="testRegistrationFromDB(java.lang.String,java.lang.String,java.lang.String,java.lang.String,java.lang.String,java.lang.String,java.lang.String,java.lang.String,java.lang.String,java.lang.String,java.lang.String)[pri:0, instance:tests.ParabankTest@6025e1b6]" started-at="2026-06-11T16:22:14 IST" name="testRegistrationFromDB" data-provider="dbData" finished-at="2026-06-11T16:22:18 IST" duration-ms="4102" status="PASS">
          <params>
            <param index="0">
              <value>
                <![CDATA[John]]>
              </value>
            </param>
            <param index="1">
              <value>
                <![CDATA[Doe]]>
              </value>
            </param>
            <param index="2">
              <value>
                <![CDATA[123 St]]>
              </value>
            </param>
            <param index="3">
              <value>
                <![CDATA[LA]]>
              </value>
            </param>
            <param index="4">
              <value>
                <![CDATA[CA]]>
              </value>
            </param>
            <param index="5">
              <value>
                <![CDATA[90001]]>
              </value>
            </param>
            <param index="6">
              <value>
                <![CDATA[1234567890]]>
              </value>
            </param>
            <param index="7">
              <value>
                <![CDATA[12345]]>
              </value>
            </param>
            <param index="8">
              <value>
                <![CDATA[johndoe1]]>
              </value>
            </param>
            <param index="9">
              <value>
                <![CDATA[pass123]]>
              </value>
            </param>
            <param index="10">
              <value>
                <![CDATA[pass123]]>
              </value>
            </param>
          </params>
          <reporter-output>
          </reporter-output>
        </test-method> <!-- testRegistrationFromDB -->
        <test-method is-config="true" signature="tearDown()[pri:0, instance:tests.ParabankTest@6025e1b6]" started-at="2026-06-11T16:22:18 IST" name="tearDown" finished-at="2026-06-11T16:22:21 IST" duration-ms="2992" status="PASS">
          <reporter-output>
          </reporter-output>
        </test-method> <!-- tearDown -->
      </class> <!-- tests.ParabankTest -->
    </test> <!-- Test -->
  </suite> <!-- Parabank suite -->
</testng-results>
