<?xml version="1.0" encoding="UTF-8"?>
<!-- Generated by org.testng.reporters.JUnitXMLReporter -->
<testsuite ignored="0" hostname="WPRJAVANG" failures="0" tests="2" name="Test" time="9.124" errors="0" timestamp="2026-06-11T22:48:50 IST">
  <testcase classname="tests.PhpTest" name="@BeforeMethod setup" time="0.014">
    <failure type="org.openqa.selenium.InvalidSelectorException" message="Compound class names not permitted
For documentation on this error, please visit: https://www.selenium.dev/documentation/webdriver/troubleshooting/errors#invalidselectorexception
Build info: version: &amp;apos;4.44.0&amp;apos;, revision: &amp;apos;da2039b&amp;apos;
System info: os.name: &amp;apos;Windows 11&amp;apos;, os.arch: &amp;apos;amd64&amp;apos;, os.version: &amp;apos;10.0&amp;apos;, java.version: &amp;apos;17.0.12&amp;apos;
Driver info: driver.version: unknown">
      <![CDATA[org.openqa.selenium.InvalidSelectorException: Compound class names not permitted
For documentation on this error, please visit: https://www.selenium.dev/documentation/webdriver/troubleshooting/errors#invalidselectorexception
Build info: version: '4.44.0', revision: 'da2039b'
System info: os.name: 'Windows 11', os.arch: 'amd64', os.version: '10.0', java.version: '17.0.12'
Driver info: driver.version: unknown
at org.openqa.selenium.By$ByClassName.<init>(By.java:311)
at org.openqa.selenium.By.className(By.java:101)
at pages.PhpPage.<init>(PhpPage.java:58)
at tests.PhpTest.setup(PhpTest.java:15)
at java.base/java.util.ArrayList.forEach(ArrayList.java:1511)
... Removed 31 stack frames]]>
    </failure>
  </testcase> <!-- @BeforeMethod setup -->
  <testcase classname="base.BaseTest" name="@AfterMethod teardown" time="0.0">
    <skipped/>
  </testcase> <!-- @AfterMethod teardown -->
  <testcase classname="base.BaseTest" name="@BeforeMethod iniate" time="0.0">
    <skipped/>
  </testcase> <!-- @BeforeMethod iniate -->
  <testcase classname="tests.PhpTest" name="@BeforeMethod setup" time="0.0">
    <skipped/>
  </testcase> <!-- @BeforeMethod setup -->
  <testcase classname="base.BaseTest" name="@AfterMethod teardown" time="0.0">
    <skipped/>
  </testcase> <!-- @AfterMethod teardown -->
  <testcase classname="tests.PhpTest" name="userReg" time="0.001">
    <skipped/>
  </testcase> <!-- userReg -->
  <testcase classname="tests.PhpTest" name="userReg" time="0.001">
    <skipped/>
  </testcase> <!-- userReg -->
</testsuite> <!-- Test -->
