<?xml version="1.0" encoding="UTF-8"?>
<testng-results ignored="0" total="1" passed="1" failed="0" skipped="0">
  <reporter-output>
  </reporter-output>
  <suite started-at="2026-06-10T21:31:05 IST" name="Default suite" finished-at="2026-06-10T21:31:12 IST" duration-ms="6508">
    <groups>
    </groups>
    <test started-at="2026-06-10T21:31:05 IST" name="Default Test" finished-at="2026-06-10T21:31:12 IST" duration-ms="6508">
      <class name="testcases.NinjaTest">
        <test-method is-config="true" signature="initializedriver()[pri:0, instance:testcases.NinjaTest@77c2494c]" started-at="2026-06-10T21:31:06 IST" name="initializedriver" finished-at="2026-06-10T21:31:09 IST" duration-ms="3527" status="PASS">
          <reporter-output>
          </reporter-output>
        </test-method> <!-- initializedriver -->
        <test-method is-config="true" signature="setUp()[pri:0, instance:testcases.NinjaTest@77c2494c]" started-at="2026-06-10T21:31:09 IST" name="setUp" finished-at="2026-06-10T21:31:09 IST" duration-ms="8" status="PASS">
          <reporter-output>
          </reporter-output>
        </test-method> <!-- setUp -->
        <test-method signature="testRegister(java.lang.String,java.lang.String,java.lang.String,java.lang.String,java.lang.String,java.lang.String)[pri:1, instance:testcases.NinjaTest@77c2494c]" started-at="2026-06-10T21:31:09 IST" name="testRegister" data-provider="regData" finished-at="2026-06-10T21:31:12 IST" duration-ms="2872" status="PASS">
          <params>
            <param index="0">
              <value>
                <![CDATA[Name1]]>
              </value>
            </param>
            <param index="1">
              <value>
                <![CDATA[Last1]]>
              </value>
            </param>
            <param index="2">
              <value>
                <![CDATA[abc@gmail.com]]>
              </value>
            </param>
            <param index="3">
              <value>
                <![CDATA[1234567890]]>
              </value>
            </param>
            <param index="4">
              <value>
                <![CDATA[123456]]>
              </value>
            </param>
            <param index="5">
              <value>
                <![CDATA[123456]]>
              </value>
            </param>
          </params>
          <reporter-output>
          </reporter-output>
        </test-method> <!-- testRegister -->
      </class> <!-- testcases.NinjaTest -->
    </test> <!-- Default Test -->
  </suite> <!-- Default suite -->
</testng-results>
